<component name="libraryTable">
  <library name="junit5">
    <CLASSES>
      <root url="jar:///usr/share/java/junit-jupiter-api.jar!/" />
      <root url="jar:///usr/share/java/junit-jupiter-engine.jar!/" />
      <root url="jar:///usr/share/java/junit-jupiter-migrationsupport.jar!/" />
      <root url="jar:///usr/share/java/junit-jupiter-params.jar!/" />
      <root url="jar:///usr/share/java/junit-platform-commons.jar!/" />
      <root url="jar:///usr/share/java/junit-platform-console-standalone.jar!/" />
      <root url="jar:///usr/share/java/junit-platform-console.jar!/" />
      <root url="jar:///usr/share/java/junit-platform-engine.jar!/" />
      <root url="jar:///usr/share/java/junit-platform-launcher.jar!/" />
      <root url="jar:///usr/share/java/junit-platform-runner.jar!/" />
      <root url="jar:///usr/share/java/junit-platform-suite-api.jar!/" />
      <root url="jar:///usr/share/java/junit-platform-surefire-provider.jar!/" />
      <root url="jar:///usr/share/java/opentest4j.jar!/" />
    </CLASSES>
    <JAVADOC />
    <SOURCES />
  </library>
</component>